Equate elements:  no current cell.
Equate elements:  no current cell.
Equate elements:  no current cell.
Equate elements:  no current cell.
Equate elements:  no current cell.
Equate elements:  no current cell.
Equate elements:  no current cell.
Equate elements:  no current cell.
Equate elements:  no current cell.
Flattening unmatched subcell outdriver in circuit ../xschem/mpw5_submission.spice (0)(1 instance)
Flattening unmatched subcell current_mirrorx8 in circuit ../xschem/mpw5_submission.spice (0)(1 instance)
Flattening unmatched subcell low_pvt_source in circuit ../xschem/mpw5_submission.spice (0)(1 instance)
Flattening unmatched subcell current_mirror_channel in circuit ../xschem/mpw5_submission.spice (0)(1 instance)
Flattening unmatched subcell tia_rgc_core in circuit ../xschem/mpw5_submission.spice (0)(1 instance)

Class ../xschem/mpw5_submission.spice (0):  Merged 22 parallel devices.
Class ../xschem/mpw5_submission.spice (0):  Merged 12 series devices.
Class mpw5_submission_flat.spice (1):  Merged 7596 parallel devices.
Class mpw5_submission_flat.spice (1):  Merged 12 series devices.
Subcircuit summary:
Circuit 1: ../xschem/mpw5_submission.spice |Circuit 2: mpw5_submission_flat.spice      
-------------------------------------------|-------------------------------------------
sky130_fd_pr__nfet_01v8_lvt (1274->15)     |sky130_fd_pr__nfet_01v8_lvt (1274->15)     
sky130_fd_pr__nfet_01v8 (5412->31)         |sky130_fd_pr__nfet_01v8 (5412->31)         
sky130_fd_pr__res_high_po_5p73 (80->4)     |sky130_fd_pr__res_high_po_5p73 (80->4)     
sky130_fd_pr__res_high_po_2p85 (8->2)      |sky130_fd_pr__res_high_po_2p85 (8->2)      
sky130_fd_pr__cap_mim_m3_2 (23->7)         |sky130_fd_pr__cap_mim_m3_2 (23->7)         
sky130_fd_pr__cap_mim_m3_1 (5->3)          |sky130_fd_pr__cap_mim_m3_1 (5->3)          
sky130_fd_pr__pfet_01v8 (890->38)          |sky130_fd_pr__pfet_01v8 (890->38)          
sky130_fd_pr__res_xhigh_po_1p41 (15->3)    |sky130_fd_pr__res_xhigh_po_1p41 (15->3)    
sky130_fd_pr__cap_var_lvt (5->1)           |sky130_fd_pr__cap_var_lvt (5->1)           
Number of devices: 104                     |Number of devices: 104                     
Number of nets: 72                         |Number of nets: 72                         
---------------------------------------------------------------------------------------
Resolving automorphisms by property value.
Resolving automorphisms by pin name.
Netlists match with 4 symmetries.
Circuits match correctly.
There were property errors.
tia_rgc_core:8/sky130_fd_pr__cap_var_lvt:C10 vs. sky130_fd_pr__cap_var_lvt:752:
Property VM in circuit1 has no matching property in circuit2
Cells have no pins;  pin matching not needed.
Device classes ../xschem/mpw5_submission.spice and mpw5_submission_flat.spice are equivalent.
Circuits match uniquely.
Property errors were found.
The following cells had property errors:
 ../xschem/mpw5_submission.spice
